<?xml version="1.0" encoding="UTF-8"?>
<testng-results ignored="0" total="1" passed="1" failed="0" skipped="0">
  <reporter-output>
  </reporter-output>
  <suite started-at="2025-06-05T23:06:33 IST" name="Default suite" finished-at="2025-06-05T23:06:35 IST" duration-ms="2214">
    <groups>
    </groups>
    <test started-at="2025-06-05T23:06:33 IST" name="Default test" finished-at="2025-06-05T23:06:35 IST" duration-ms="2214">
      <class name="APItest.test1">
        <test-method signature="testex()[pri:0, instance:APItest.test1@73a1e9a9]" started-at="2025-06-05T23:06:33 IST" name="testex" finished-at="2025-06-05T23:06:35 IST" duration-ms="2154" status="PASS">
          <reporter-output>
          </reporter-output>
        </test-method> <!-- testex -->
      </class> <!-- APItest.test1 -->
    </test> <!-- Default test -->
  </suite> <!-- Default suite -->
</testng-results>
