<?xml version="1.0" encoding="UTF-8"?>
<testng-results ignored="0" total="1" passed="1" failed="0" skipped="0">
  <reporter-output>
  </reporter-output>
  <suite started-at="2025-06-11T14:47:26 IST" name="Default suite" finished-at="2025-06-11T14:47:31 IST" duration-ms="4533">
    <groups>
    </groups>
    <test started-at="2025-06-11T14:47:26 IST" name="Default test" finished-at="2025-06-11T14:47:31 IST" duration-ms="4533">
      <class name="APItest.Test2">
        <test-method signature="main()[pri:0, instance:APItest.Test2@73a1e9a9]" started-at="2025-06-11T14:47:27 IST" name="main" finished-at="2025-06-11T14:47:31 IST" duration-ms="4465" status="PASS">
          <reporter-output>
          </reporter-output>
        </test-method> <!-- main -->
      </class> <!-- APItest.Test2 -->
    </test> <!-- Default test -->
  </suite> <!-- Default suite -->
</testng-results>
